<?xml version="1.0" encoding="UTF-8"?>
<!-- Generated by org.testng.reporters.JUnitReportReporter -->
<testsuite hostname="Pallavi-Sadhus-MacBook-Air.local" failures="0" tests="1" name="gitcode.gitcode.WordLength" time="0.049" errors="0" timestamp="2022-12-02T15:53:22 CST" skipped="0">
  <testcase classname="gitcode.gitcode.WordLength" name="testCase1" time="0.049"/>
  <system-out/>
</testsuite> <!-- gitcode.gitcode.WordLength -->
