<?xml version="1.0" encoding="UTF-8"?>
<!-- Generated by org.testng.reporters.JUnitReportReporter -->
<testsuite hostname="Pallavi-Sadhus-MacBook-Air.local" failures="0" tests="2" name="gitcode.gitcode.WordLength" time="0.034" errors="0" timestamp="2022-12-02T19:35:28 CST" skipped="0">
  <testcase classname="gitcode.gitcode.WordLength" name="testCase1" time="0.028"/>
  <system-out/>
  <testcase classname="gitcode.gitcode.WordLength" name="testCase2" time="0.006"/>
  <system-out/>
</testsuite> <!-- gitcode.gitcode.WordLength -->
