<?xml version="1.0" encoding="UTF-8"?>
<!-- Generated by org.testng.reporters.JUnitReportReporter -->
<testsuite skipped="0" hostname="NANDINI" name="gitcode.gitcode.WordLength" tests="2" failures="0" timestamp="2022-12-02T16:07:14 CST" time="0.010" errors="0">
  <testcase name="testCase2" time="0.001" classname="gitcode.gitcode.WordLength"/>
  <system-out/>
  <testcase name="testCase1" time="0.009" classname="gitcode.gitcode.WordLength"/>
  <system-out/>
</testsuite> <!-- gitcode.gitcode.WordLength -->
